<?xml version="1.0" encoding="utf-8" standalone="no"?>
<!--This file represents the results of running a test suite-->
<test-results name="bin/Debug/SmalltalkBooleanExtensionMethodsTest.dll" total="6" failures="0" not-run="0" date="2010-11-14" time="06:08:15">
  <environment nunit-version="2.4.7.0" clr-version="2.0.50727.1433" os-version="Unix 2.6.35.22" platform="Unix" cwd="/home/radsis/Computers/Programing_Attempts/c-sharp/SmalltalkBooleanExtensionMethods/SmalltalkBooleanExtensionMethodsTest" machine-name="softw-high-home-laptop" user="radsis" user-domain="softw-high-home-laptop" />
  <culture-info current-culture="en-US" current-uiculture="en-US" />
  <test-suite name="bin/Debug/SmalltalkBooleanExtensionMethodsTest.dll" success="True" time="0.060" asserts="0">
    <results>
      <test-suite name="SmalltalkBooleanExtensionMethodsTest" success="True" time="0.055" asserts="0">
        <results>
          <test-suite name="SBEMTest" success="True" time="0.019" asserts="0">
            <results>
              <test-case name="SmalltalkBooleanExtensionMethodsTest.SBEMTest.TestifFalse" executed="True" success="True" time="0.011" asserts="1" />
              <test-case name="SmalltalkBooleanExtensionMethodsTest.SBEMTest.TestifTrue" executed="True" success="True" time="0.001" asserts="1" />
              <test-case name="SmalltalkBooleanExtensionMethodsTest.SBEMTest.TestifTrueifFalse" executed="True" success="True" time="0.000" asserts="2" />
              <test-case name="SmalltalkBooleanExtensionMethodsTest.SBEMTest.TestTimesRepeat" executed="True" success="True" time="0.002" asserts="1" />
              <test-case name="SmalltalkBooleanExtensionMethodsTest.SBEMTest.TestVoidMethodIfFalse" executed="True" success="True" time="0.000" asserts="1" />
              <test-case name="SmalltalkBooleanExtensionMethodsTest.SBEMTest.TestVoidMethodIfTrue" executed="True" success="True" time="0.000" asserts="1" />
            </results>
          </test-suite>
        </results>
      </test-suite>
    </results>
  </test-suite>
</test-results>